<?xml version="1.0" encoding="UTF-8"?>
<coverage generated="1530004063684" clover="3.2.0">
  <project timestamp="1530004063685" name="All files">
    <metrics statements="37" coveredstatements="37" conditionals="8" coveredconditionals="8" methods="19" coveredmethods="19" elements="64" coveredelements="64" complexity="0" loc="37" ncloc="37" packages="1" files="3" classes="3">
      <file name="ThemeError.js" path="/Users/stinodes/projects/stinodes/nativesystem/src/Components/Theme/ThemeError.js">
        <metrics statements="1" coveredstatements="1" conditionals="0" coveredconditionals="0" methods="1" coveredmethods="1"/>
        <line num="4" count="18" type="stmt"/>
      </file>
      <file name="defaultTheme.js" path="/Users/stinodes/projects/stinodes/nativesystem/src/Components/Theme/defaultTheme.js">
        <metrics statements="7" coveredstatements="7" conditionals="0" coveredconditionals="0" methods="2" coveredmethods="2"/>
        <line num="4" count="2" type="stmt"/>
        <line num="20" count="1" type="stmt"/>
        <line num="21" count="2" type="stmt"/>
        <line num="22" count="2" type="stmt"/>
        <line num="23" count="2" type="stmt"/>
        <line num="24" count="2" type="stmt"/>
        <line num="25" count="2" type="stmt"/>
      </file>
      <file name="theme.js" path="/Users/stinodes/projects/stinodes/nativesystem/src/Components/Theme/theme.js">
        <metrics statements="29" coveredstatements="29" conditionals="8" coveredconditionals="8" methods="16" coveredmethods="16"/>
        <line num="33" count="1" type="cond" truecount="1" falsecount="0"/>
        <line num="34" count="6" type="stmt"/>
        <line num="38" count="7" type="stmt"/>
        <line num="41" count="3" type="stmt"/>
        <line num="45" count="4" type="stmt"/>
        <line num="50" count="1" type="stmt"/>
        <line num="51" count="1" type="stmt"/>
        <line num="52" count="1" type="stmt"/>
        <line num="56" count="6" type="stmt"/>
        <line num="59" count="1" type="stmt"/>
        <line num="61" count="15" type="cond" truecount="6" falsecount="0"/>
        <line num="67" count="1" type="cond" truecount="1" falsecount="0"/>
        <line num="69" count="15" type="stmt"/>
        <line num="74" count="12" type="stmt"/>
        <line num="81" count="13" type="stmt"/>
        <line num="84" count="1" type="stmt"/>
        <line num="88" count="3" type="stmt"/>
        <line num="93" count="1" type="stmt"/>
        <line num="94" count="1" type="stmt"/>
        <line num="95" count="1" type="stmt"/>
        <line num="96" count="1" type="stmt"/>
        <line num="101" count="2" type="stmt"/>
        <line num="106" count="1" type="stmt"/>
        <line num="111" count="1" type="stmt"/>
        <line num="112" count="1" type="stmt"/>
        <line num="113" count="1" type="stmt"/>
        <line num="118" count="2" type="stmt"/>
        <line num="122" count="1" type="stmt"/>
        <line num="126" count="12" type="stmt"/>
      </file>
    </metrics>
  </project>
</coverage>
