{"/Users/stinodes/projects/stinodes/nativesystem/src/Components/Theme/ThemeError.js": {"path":"/Users/stinodes/projects/stinodes/nativesystem/src/Components/Theme/ThemeError.js","statementMap":{"0":{"start":{"line":4,"column":4},"end":{"line":4,"column":18}},"1":{"start":{"line":8,"column":16},"end":{"line":15,"column":1}},"2":{"start":{"line":8,"column":87},"end":{"line":15,"column":1}},"3":{"start":{"line":9,"column":2},"end":{"line":14,"column":3}},"4":{"start":{"line":10,"column":4},"end":{"line":10,"column":22}},"5":{"start":{"line":13,"column":4},"end":{"line":13,"column":24}},"6":{"start":{"line":16,"column":16},"end":{"line":21,"column":1}},"7":{"start":{"line":17,"column":2},"end":{"line":19,"column":3}},"8":{"start":{"line":18,"column":4},"end":{"line":18,"column":67}},"9":{"start":{"line":20,"column":2},"end":{"line":20,"column":14}}},"fnMap":{"0":{"name":"(anonymous_0)","decl":{"start":{"line":3,"column":2},"end":{"line":3,"column":3}},"loc":{"start":{"line":3,"column":24},"end":{"line":5,"column":3}},"line":3},"1":{"name":"(anonymous_1)","decl":{"start":{"line":8,"column":16},"end":{"line":8,"column":17}},"loc":{"start":{"line":8,"column":87},"end":{"line":15,"column":1}},"line":8},"2":{"name":"(anonymous_2)","decl":{"start":{"line":8,"column":87},"end":{"line":8,"column":88}},"loc":{"start":{"line":8,"column":106},"end":{"line":15,"column":1}},"line":8},"3":{"name":"(anonymous_3)","decl":{"start":{"line":16,"column":16},"end":{"line":16,"column":17}},"loc":{"start":{"line":16,"column":70},"end":{"line":21,"column":1}},"line":16}},"branchMap":{"0":{"loc":{"start":{"line":17,"column":2},"end":{"line":19,"column":3}},"type":"if","locations":[{"start":{"line":17,"column":2},"end":{"line":19,"column":3}},{"start":{"line":17,"column":2},"end":{"line":19,"column":3}}],"line":17},"1":{"loc":{"start":{"line":18,"column":10},"end":{"line":18,"column":67}},"type":"cond-expr","locations":[{"start":{"line":18,"column":44},"end":{"line":18,"column":55}},{"start":{"line":18,"column":58},"end":{"line":18,"column":67}}],"line":18}},"s":{"0":6,"1":1,"2":0,"3":0,"4":0,"5":0,"6":1,"7":0,"8":0,"9":0},"f":{"0":6,"1":0,"2":0,"3":0},"b":{"0":[0,0],"1":[0,0]},"_coverageSchema":"332fd63041d2c1bcb487cc26dd0d5f7d97098a6c","hash":"8b7051b7afb6b506d843c96a3fdcc61fd841d381"}
,"/Users/stinodes/projects/stinodes/nativesystem/src/Components/Theme/defaultTheme.js": {"path":"/Users/stinodes/projects/stinodes/nativesystem/src/Components/Theme/defaultTheme.js","statementMap":{"0":{"start":{"line":4,"column":32},"end":{"line":19,"column":2}},"1":{"start":{"line":4,"column":47},"end":{"line":19,"column":1}},"2":{"start":{"line":20,"column":31},"end":{"line":65,"column":1}},"3":{"start":{"line":21,"column":20},"end":{"line":21,"column":23}},"4":{"start":{"line":22,"column":19},"end":{"line":22,"column":23}},"5":{"start":{"line":23,"column":16},"end":{"line":23,"column":36}},"6":{"start":{"line":24,"column":17},"end":{"line":24,"column":35}},"7":{"start":{"line":25,"column":2},"end":{"line":64,"column":3}}},"fnMap":{"0":{"name":"(anonymous_0)","decl":{"start":{"line":4,"column":32},"end":{"line":4,"column":33}},"loc":{"start":{"line":4,"column":47},"end":{"line":19,"column":1}},"line":4},"1":{"name":"(anonymous_1)","decl":{"start":{"line":20,"column":31},"end":{"line":20,"column":32}},"loc":{"start":{"line":20,"column":44},"end":{"line":65,"column":1}},"line":20}},"branchMap":{},"s":{"0":1,"1":2,"2":1,"3":2,"4":2,"5":2,"6":2,"7":2},"f":{"0":2,"1":2},"b":{},"_coverageSchema":"332fd63041d2c1bcb487cc26dd0d5f7d97098a6c","hash":"c9f1f26cc344cffdd5d9b2b6e0dc95dc5bf0ca96"}
,"/Users/stinodes/projects/stinodes/nativesystem/src/Components/Theme/theme.js": {"path":"/Users/stinodes/projects/stinodes/nativesystem/src/Components/Theme/theme.js","statementMap":{"0":{"start":{"line":25,"column":20},"end":{"line":26,"column":34}},"1":{"start":{"line":26,"column":2},"end":{"line":26,"column":34}},"2":{"start":{"line":28,"column":2},"end":{"line":32,"column":5}},"3":{"start":{"line":29,"column":4},"end":{"line":32,"column":5}},"4":{"start":{"line":30,"column":6},"end":{"line":30,"column":26}},"5":{"start":{"line":31,"column":6},"end":{"line":31,"column":22}},"6":{"start":{"line":33,"column":23},"end":{"line":56,"column":1}},"7":{"start":{"line":34,"column":27},"end":{"line":36,"column":3}},"8":{"start":{"line":37,"column":12},"end":{"line":37,"column":14}},"9":{"start":{"line":38,"column":2},"end":{"line":38,"column":27}},"10":{"start":{"line":38,"column":19},"end":{"line":38,"column":27}},"11":{"start":{"line":39,"column":2},"end":{"line":42,"column":3}},"12":{"start":{"line":41,"column":24},"end":{"line":41,"column":65}},"13":{"start":{"line":43,"column":2},"end":{"line":46,"column":3}},"14":{"start":{"line":45,"column":44},"end":{"line":45,"column":88}},"15":{"start":{"line":47,"column":2},"end":{"line":54,"column":3}},"16":{"start":{"line":50,"column":16},"end":{"line":50,"column":29}},"17":{"start":{"line":51,"column":6},"end":{"line":51,"column":24}},"18":{"start":{"line":52,"column":6},"end":{"line":52,"column":18}},"19":{"start":{"line":55,"column":2},"end":{"line":55,"column":12}},"20":{"start":{"line":57,"column":23},"end":{"line":63,"column":3}},"21":{"start":{"line":59,"column":4},"end":{"line":62,"column":52}},"22":{"start":{"line":64,"column":20},"end":{"line":105,"column":1}},"23":{"start":{"line":65,"column":2},"end":{"line":66,"column":59}},"24":{"start":{"line":66,"column":4},"end":{"line":66,"column":59}},"25":{"start":{"line":68,"column":21},"end":{"line":72,"column":3}},"26":{"start":{"line":73,"column":12},"end":{"line":73,"column":14}},"27":{"start":{"line":74,"column":2},"end":{"line":74,"column":24}},"28":{"start":{"line":74,"column":19},"end":{"line":74,"column":24}},"29":{"start":{"line":75,"column":2},"end":{"line":78,"column":3}},"30":{"start":{"line":77,"column":10},"end":{"line":77,"column":35}},"31":{"start":{"line":79,"column":2},"end":{"line":82,"column":3}},"32":{"start":{"line":81,"column":42},"end":{"line":81,"column":78}},"33":{"start":{"line":83,"column":2},"end":{"line":86,"column":3}},"34":{"start":{"line":85,"column":24},"end":{"line":85,"column":50}},"35":{"start":{"line":87,"column":2},"end":{"line":91,"column":3}},"36":{"start":{"line":90,"column":6},"end":{"line":90,"column":66}},"37":{"start":{"line":92,"column":2},"end":{"line":99,"column":3}},"38":{"start":{"line":95,"column":21},"end":{"line":95,"column":38}},"39":{"start":{"line":96,"column":6},"end":{"line":96,"column":25}},"40":{"start":{"line":97,"column":6},"end":{"line":97,"column":32}},"41":{"start":{"line":100,"column":2},"end":{"line":103,"column":3}},"42":{"start":{"line":102,"column":27},"end":{"line":102,"column":54}},"43":{"start":{"line":104,"column":2},"end":{"line":104,"column":12}}},"fnMap":{"0":{"name":"(anonymous_0)","decl":{"start":{"line":25,"column":20},"end":{"line":25,"column":21}},"loc":{"start":{"line":26,"column":2},"end":{"line":26,"column":34}},"line":26},"1":{"name":"(anonymous_1)","decl":{"start":{"line":28,"column":2},"end":{"line":28,"column":3}},"loc":{"start":{"line":29,"column":4},"end":{"line":32,"column":5}},"line":29},"2":{"name":"(anonymous_2)","decl":{"start":{"line":29,"column":4},"end":{"line":29,"column":5}},"loc":{"start":{"line":29,"column":44},"end":{"line":32,"column":5}},"line":29},"3":{"name":"(anonymous_3)","decl":{"start":{"line":33,"column":23},"end":{"line":33,"column":24}},"loc":{"start":{"line":33,"column":66},"end":{"line":56,"column":1}},"line":33},"4":{"name":"(anonymous_4)","decl":{"start":{"line":38,"column":13},"end":{"line":38,"column":14}},"loc":{"start":{"line":38,"column":19},"end":{"line":38,"column":27}},"line":38},"5":{"name":"(anonymous_5)","decl":{"start":{"line":41,"column":4},"end":{"line":41,"column":5}},"loc":{"start":{"line":41,"column":24},"end":{"line":41,"column":65}},"line":41},"6":{"name":"(anonymous_6)","decl":{"start":{"line":45,"column":4},"end":{"line":45,"column":5}},"loc":{"start":{"line":45,"column":44},"end":{"line":45,"column":88}},"line":45},"7":{"name":"(anonymous_7)","decl":{"start":{"line":49,"column":4},"end":{"line":49,"column":5}},"loc":{"start":{"line":49,"column":28},"end":{"line":53,"column":5}},"line":49},"8":{"name":"(anonymous_8)","decl":{"start":{"line":57,"column":23},"end":{"line":57,"column":24}},"loc":{"start":{"line":59,"column":4},"end":{"line":62,"column":52}},"line":59},"9":{"name":"(anonymous_9)","decl":{"start":{"line":64,"column":20},"end":{"line":64,"column":21}},"loc":{"start":{"line":64,"column":60},"end":{"line":105,"column":1}},"line":64},"10":{"name":"(anonymous_10)","decl":{"start":{"line":74,"column":13},"end":{"line":74,"column":14}},"loc":{"start":{"line":74,"column":19},"end":{"line":74,"column":24}},"line":74},"11":{"name":"(anonymous_11)","decl":{"start":{"line":77,"column":4},"end":{"line":77,"column":5}},"loc":{"start":{"line":77,"column":10},"end":{"line":77,"column":35}},"line":77},"12":{"name":"(anonymous_12)","decl":{"start":{"line":81,"column":4},"end":{"line":81,"column":5}},"loc":{"start":{"line":81,"column":42},"end":{"line":81,"column":78}},"line":81},"13":{"name":"(anonymous_13)","decl":{"start":{"line":85,"column":4},"end":{"line":85,"column":5}},"loc":{"start":{"line":85,"column":24},"end":{"line":85,"column":50}},"line":85},"14":{"name":"(anonymous_14)","decl":{"start":{"line":89,"column":4},"end":{"line":89,"column":5}},"loc":{"start":{"line":90,"column":6},"end":{"line":90,"column":66}},"line":90},"15":{"name":"(anonymous_15)","decl":{"start":{"line":94,"column":4},"end":{"line":94,"column":5}},"loc":{"start":{"line":94,"column":22},"end":{"line":98,"column":5}},"line":94},"16":{"name":"(anonymous_16)","decl":{"start":{"line":102,"column":4},"end":{"line":102,"column":5}},"loc":{"start":{"line":102,"column":27},"end":{"line":102,"column":54}},"line":102}},"branchMap":{"0":{"loc":{"start":{"line":33,"column":24},"end":{"line":33,"column":44}},"type":"default-arg","locations":[{"start":{"line":33,"column":42},"end":{"line":33,"column":44}}],"line":33},"1":{"loc":{"start":{"line":59,"column":4},"end":{"line":62,"column":52}},"type":"binary-expr","locations":[{"start":{"line":59,"column":4},"end":{"line":59,"column":29}},{"start":{"line":60,"column":4},"end":{"line":60,"column":24}},{"start":{"line":61,"column":5},"end":{"line":61,"column":17}},{"start":{"line":61,"column":21},"end":{"line":61,"column":53}},{"start":{"line":62,"column":5},"end":{"line":62,"column":18}},{"start":{"line":62,"column":22},"end":{"line":62,"column":51}}],"line":59},"2":{"loc":{"start":{"line":64,"column":21},"end":{"line":64,"column":41}},"type":"default-arg","locations":[{"start":{"line":64,"column":39},"end":{"line":64,"column":41}}],"line":64},"3":{"loc":{"start":{"line":65,"column":2},"end":{"line":66,"column":59}},"type":"if","locations":[{"start":{"line":65,"column":2},"end":{"line":66,"column":59}},{"start":{"line":65,"column":2},"end":{"line":66,"column":59}}],"line":65}},"s":{"0":1,"1":0,"2":1,"3":36,"4":5,"5":5,"6":1,"7":0,"8":0,"9":0,"10":0,"11":0,"12":0,"13":0,"14":0,"15":0,"16":0,"17":0,"18":0,"19":0,"20":1,"21":9,"22":1,"23":9,"24":3,"25":6,"26":6,"27":6,"28":6,"29":6,"30":1,"31":6,"32":0,"33":6,"34":2,"35":6,"36":1,"37":6,"38":1,"39":1,"40":1,"41":6,"42":0,"43":6},"f":{"0":0,"1":36,"2":5,"3":0,"4":0,"5":0,"6":0,"7":0,"8":9,"9":9,"10":6,"11":1,"12":0,"13":2,"14":1,"15":1,"16":0},"b":{"0":[0],"1":[9,7,6,2,6,1],"2":[3],"3":[3,6]},"_coverageSchema":"332fd63041d2c1bcb487cc26dd0d5f7d97098a6c","hash":"cad62e978d5411473694b2cf7ceff5e119e2a97b"}
,"/Users/stinodes/projects/stinodes/nativesystem/src/Components/Theme/utils.js": {"path":"/Users/stinodes/projects/stinodes/nativesystem/src/Components/Theme/utils.js","statementMap":{"0":{"start":{"line":6,"column":14},"end":{"line":6,"column":57}},"1":{"start":{"line":6,"column":49},"end":{"line":6,"column":57}},"2":{"start":{"line":8,"column":26},"end":{"line":8,"column":92}},"3":{"start":{"line":8,"column":66},"end":{"line":8,"column":92}},"4":{"start":{"line":9,"column":20},"end":{"line":17,"column":3}},"5":{"start":{"line":10,"column":2},"end":{"line":17,"column":3}},"6":{"start":{"line":19,"column":29},"end":{"line":20,"column":32}},"7":{"start":{"line":20,"column":3},"end":{"line":20,"column":31}},"8":{"start":{"line":22,"column":29},"end":{"line":26,"column":3}},"9":{"start":{"line":23,"column":2},"end":{"line":26,"column":3}},"10":{"start":{"line":28,"column":23},"end":{"line":41,"column":1}},"11":{"start":{"line":29,"column":2},"end":{"line":32,"column":5}},"12":{"start":{"line":30,"column":4},"end":{"line":32,"column":5}},"13":{"start":{"line":33,"column":2},"end":{"line":40,"column":3}},"14":{"start":{"line":42,"column":33},"end":{"line":48,"column":1}},"15":{"start":{"line":43,"column":2},"end":{"line":46,"column":33}},"16":{"start":{"line":44,"column":4},"end":{"line":44,"column":28}},"17":{"start":{"line":45,"column":7},"end":{"line":46,"column":33}},"18":{"start":{"line":46,"column":4},"end":{"line":46,"column":33}},"19":{"start":{"line":47,"column":2},"end":{"line":47,"column":11}},"20":{"start":{"line":49,"column":17},"end":{"line":50,"column":90}},"21":{"start":{"line":50,"column":2},"end":{"line":50,"column":90}},"22":{"start":{"line":52,"column":19},"end":{"line":55,"column":8}},"23":{"start":{"line":53,"column":2},"end":{"line":55,"column":8}},"24":{"start":{"line":57,"column":25},"end":{"line":69,"column":1}},"25":{"start":{"line":58,"column":23},"end":{"line":58,"column":41}},"26":{"start":{"line":59,"column":2},"end":{"line":68,"column":10}},"27":{"start":{"line":61,"column":6},"end":{"line":62,"column":71}},"28":{"start":{"line":62,"column":8},"end":{"line":62,"column":71}},"29":{"start":{"line":63,"column":6},"end":{"line":64,"column":42}},"30":{"start":{"line":64,"column":8},"end":{"line":64,"column":42}},"31":{"start":{"line":65,"column":6},"end":{"line":66,"column":42}},"32":{"start":{"line":66,"column":8},"end":{"line":66,"column":42}},"33":{"start":{"line":67,"column":6},"end":{"line":67,"column":53}}},"fnMap":{"0":{"name":"(anonymous_0)","decl":{"start":{"line":6,"column":14},"end":{"line":6,"column":15}},"loc":{"start":{"line":6,"column":49},"end":{"line":6,"column":57}},"line":6},"1":{"name":"(anonymous_1)","decl":{"start":{"line":8,"column":26},"end":{"line":8,"column":27}},"loc":{"start":{"line":8,"column":66},"end":{"line":8,"column":92}},"line":8},"2":{"name":"(anonymous_2)","decl":{"start":{"line":9,"column":20},"end":{"line":9,"column":21}},"loc":{"start":{"line":10,"column":2},"end":{"line":17,"column":3}},"line":10},"3":{"name":"(anonymous_3)","decl":{"start":{"line":19,"column":29},"end":{"line":19,"column":30}},"loc":{"start":{"line":20,"column":3},"end":{"line":20,"column":31}},"line":20},"4":{"name":"(anonymous_4)","decl":{"start":{"line":22,"column":29},"end":{"line":22,"column":30}},"loc":{"start":{"line":23,"column":2},"end":{"line":26,"column":3}},"line":23},"5":{"name":"(anonymous_5)","decl":{"start":{"line":28,"column":23},"end":{"line":28,"column":24}},"loc":{"start":{"line":28,"column":46},"end":{"line":41,"column":1}},"line":28},"6":{"name":"(anonymous_6)","decl":{"start":{"line":42,"column":33},"end":{"line":42,"column":34}},"loc":{"start":{"line":42,"column":64},"end":{"line":48,"column":1}},"line":42},"7":{"name":"(anonymous_7)","decl":{"start":{"line":49,"column":17},"end":{"line":49,"column":18}},"loc":{"start":{"line":50,"column":2},"end":{"line":50,"column":90}},"line":50},"8":{"name":"(anonymous_8)","decl":{"start":{"line":52,"column":19},"end":{"line":52,"column":20}},"loc":{"start":{"line":53,"column":2},"end":{"line":55,"column":8}},"line":53},"9":{"name":"(anonymous_9)","decl":{"start":{"line":57,"column":25},"end":{"line":57,"column":26}},"loc":{"start":{"line":57,"column":65},"end":{"line":69,"column":1}},"line":57},"10":{"name":"(anonymous_10)","decl":{"start":{"line":60,"column":12},"end":{"line":60,"column":13}},"loc":{"start":{"line":60,"column":27},"end":{"line":68,"column":5}},"line":60}},"branchMap":{"0":{"loc":{"start":{"line":9,"column":57},"end":{"line":9,"column":91}},"type":"default-arg","locations":[{"start":{"line":9,"column":82},"end":{"line":9,"column":91}}],"line":9},"1":{"loc":{"start":{"line":10,"column":2},"end":{"line":17,"column":3}},"type":"binary-expr","locations":[{"start":{"line":10,"column":2},"end":{"line":13,"column":3}},{"start":{"line":14,"column":2},"end":{"line":17,"column":3}}],"line":10},"2":{"loc":{"start":{"line":19,"column":30},"end":{"line":19,"column":54}},"type":"default-arg","locations":[{"start":{"line":19,"column":52},"end":{"line":19,"column":54}}],"line":19},"3":{"loc":{"start":{"line":19,"column":56},"end":{"line":19,"column":80}},"type":"default-arg","locations":[{"start":{"line":19,"column":78},"end":{"line":19,"column":80}}],"line":19},"4":{"loc":{"start":{"line":29,"column":2},"end":{"line":32,"column":5}},"type":"if","locations":[{"start":{"line":29,"column":2},"end":{"line":32,"column":5}},{"start":{"line":29,"column":2},"end":{"line":32,"column":5}}],"line":29},"5":{"loc":{"start":{"line":43,"column":2},"end":{"line":46,"column":33}},"type":"if","locations":[{"start":{"line":43,"column":2},"end":{"line":46,"column":33}},{"start":{"line":43,"column":2},"end":{"line":46,"column":33}}],"line":43},"6":{"loc":{"start":{"line":45,"column":7},"end":{"line":46,"column":33}},"type":"if","locations":[{"start":{"line":45,"column":7},"end":{"line":46,"column":33}},{"start":{"line":45,"column":7},"end":{"line":46,"column":33}}],"line":45},"7":{"loc":{"start":{"line":50,"column":2},"end":{"line":50,"column":90}},"type":"binary-expr","locations":[{"start":{"line":50,"column":3},"end":{"line":50,"column":8}},{"start":{"line":50,"column":12},"end":{"line":50,"column":31}},{"start":{"line":50,"column":35},"end":{"line":50,"column":40}},{"start":{"line":50,"column":45},"end":{"line":50,"column":57}},{"start":{"line":50,"column":61},"end":{"line":50,"column":90}}],"line":50},"8":{"loc":{"start":{"line":53,"column":2},"end":{"line":55,"column":8}},"type":"cond-expr","locations":[{"start":{"line":54,"column":5},"end":{"line":54,"column":67}},{"start":{"line":55,"column":4},"end":{"line":55,"column":8}}],"line":53},"9":{"loc":{"start":{"line":54,"column":5},"end":{"line":54,"column":67}},"type":"cond-expr","locations":[{"start":{"line":54,"column":35},"end":{"line":54,"column":57}},{"start":{"line":54,"column":60},"end":{"line":54,"column":67}}],"line":54},"10":{"loc":{"start":{"line":54,"column":5},"end":{"line":54,"column":32}},"type":"binary-expr","locations":[{"start":{"line":54,"column":5},"end":{"line":54,"column":17}},{"start":{"line":54,"column":21},"end":{"line":54,"column":32}}],"line":54},"11":{"loc":{"start":{"line":61,"column":6},"end":{"line":62,"column":71}},"type":"if","locations":[{"start":{"line":61,"column":6},"end":{"line":62,"column":71}},{"start":{"line":61,"column":6},"end":{"line":62,"column":71}}],"line":61},"12":{"loc":{"start":{"line":61,"column":10},"end":{"line":61,"column":72}},"type":"binary-expr","locations":[{"start":{"line":61,"column":10},"end":{"line":61,"column":39}},{"start":{"line":61,"column":43},"end":{"line":61,"column":72}}],"line":61},"13":{"loc":{"start":{"line":63,"column":6},"end":{"line":64,"column":42}},"type":"if","locations":[{"start":{"line":63,"column":6},"end":{"line":64,"column":42}},{"start":{"line":63,"column":6},"end":{"line":64,"column":42}}],"line":63},"14":{"loc":{"start":{"line":63,"column":10},"end":{"line":63,"column":72}},"type":"binary-expr","locations":[{"start":{"line":63,"column":10},"end":{"line":63,"column":39}},{"start":{"line":63,"column":43},"end":{"line":63,"column":72}}],"line":63},"15":{"loc":{"start":{"line":65,"column":6},"end":{"line":66,"column":42}},"type":"if","locations":[{"start":{"line":65,"column":6},"end":{"line":66,"column":42}},{"start":{"line":65,"column":6},"end":{"line":66,"column":42}}],"line":65},"16":{"loc":{"start":{"line":65,"column":10},"end":{"line":65,"column":72}},"type":"binary-expr","locations":[{"start":{"line":65,"column":10},"end":{"line":65,"column":39}},{"start":{"line":65,"column":43},"end":{"line":65,"column":72}}],"line":65},"17":{"loc":{"start":{"line":67,"column":30},"end":{"line":67,"column":52}},"type":"binary-expr","locations":[{"start":{"line":67,"column":30},"end":{"line":67,"column":39}},{"start":{"line":67,"column":43},"end":{"line":67,"column":52}}],"line":67}},"s":{"0":1,"1":0,"2":1,"3":0,"4":1,"5":0,"6":1,"7":0,"8":1,"9":0,"10":1,"11":0,"12":0,"13":0,"14":1,"15":0,"16":0,"17":0,"18":0,"19":0,"20":1,"21":0,"22":1,"23":0,"24":1,"25":0,"26":0,"27":0,"28":0,"29":0,"30":0,"31":0,"32":0,"33":0},"f":{"0":0,"1":0,"2":0,"3":0,"4":0,"5":0,"6":0,"7":0,"8":0,"9":0,"10":0},"b":{"0":[0],"1":[0,0],"2":[0],"3":[0],"4":[0,0],"5":[0,0],"6":[0,0],"7":[0,0,0,0,0],"8":[0,0],"9":[0,0],"10":[0,0],"11":[0,0],"12":[0,0],"13":[0,0],"14":[0,0],"15":[0,0],"16":[0,0],"17":[0,0]},"_coverageSchema":"332fd63041d2c1bcb487cc26dd0d5f7d97098a6c","hash":"37d5cb4c6915d286c22b7f7221ca80d9442b0294"}
}
