TN:
SF:/Users/stinodes/projects/stinodes/nativesystem/src/Components/Theme/ThemeError.js
FN:3,(anonymous_0)
FNF:1
FNH:1
FNDA:18,(anonymous_0)
DA:4,18
LF:1
LH:1
BRF:0
BRH:0
end_of_record
TN:
SF:/Users/stinodes/projects/stinodes/nativesystem/src/Components/Theme/defaultTheme.js
FN:4,(anonymous_0)
FN:20,(anonymous_1)
FNF:2
FNH:2
FNDA:2,(anonymous_0)
FNDA:2,(anonymous_1)
DA:4,2
DA:20,1
DA:21,2
DA:22,2
DA:23,2
DA:24,2
DA:25,2
LF:7
LH:7
BRF:0
BRH:0
end_of_record
TN:
SF:/Users/stinodes/projects/stinodes/nativesystem/src/Components/Theme/theme.js
FN:33,(anonymous_0)
FN:38,(anonymous_1)
FN:41,(anonymous_2)
FN:45,(anonymous_3)
FN:49,(anonymous_4)
FN:59,(anonymous_5)
FN:67,(anonymous_6)
FN:81,(anonymous_7)
FN:84,(anonymous_8)
FN:88,(anonymous_9)
FN:92,(anonymous_10)
FN:101,(anonymous_11)
FN:105,(anonymous_12)
FN:110,(anonymous_13)
FN:118,(anonymous_14)
FN:122,(anonymous_15)
FNF:16
FNH:16
FNDA:6,(anonymous_0)
FNDA:7,(anonymous_1)
FNDA:3,(anonymous_2)
FNDA:4,(anonymous_3)
FNDA:1,(anonymous_4)
FNDA:15,(anonymous_5)
FNDA:15,(anonymous_6)
FNDA:13,(anonymous_7)
FNDA:1,(anonymous_8)
FNDA:3,(anonymous_9)
FNDA:1,(anonymous_10)
FNDA:2,(anonymous_11)
FNDA:1,(anonymous_12)
FNDA:1,(anonymous_13)
FNDA:2,(anonymous_14)
FNDA:1,(anonymous_15)
DA:33,1
DA:34,6
DA:38,7
DA:41,3
DA:45,4
DA:50,1
DA:51,1
DA:52,1
DA:56,6
DA:59,1
DA:61,15
DA:67,1
DA:69,15
DA:74,12
DA:81,13
DA:84,1
DA:88,3
DA:93,1
DA:94,1
DA:95,1
DA:96,1
DA:101,2
DA:106,1
DA:111,1
DA:112,1
DA:113,1
DA:118,2
DA:122,1
DA:126,12
LF:29
LH:29
BRDA:33,0,0,6
BRDA:61,1,0,15
BRDA:61,1,1,13
BRDA:61,1,2,12
BRDA:61,1,3,11
BRDA:61,1,4,12
BRDA:61,1,5,10
BRDA:67,2,0,9
BRF:8
BRH:8
end_of_record
