TN:
SF:/Users/stinodes/projects/stinodes/nativesystem/src/Components/Theme/ThemeError.js
FN:3,(anonymous_0)
FN:8,(anonymous_1)
FN:8,(anonymous_2)
FN:16,(anonymous_3)
FNF:4
FNH:1
FNDA:6,(anonymous_0)
FNDA:0,(anonymous_1)
FNDA:0,(anonymous_2)
FNDA:0,(anonymous_3)
DA:4,6
DA:8,1
DA:9,0
DA:10,0
DA:13,0
DA:16,1
DA:17,0
DA:18,0
DA:20,0
LF:9
LH:3
BRDA:17,0,0,0
BRDA:17,0,1,0
BRDA:18,1,0,0
BRDA:18,1,1,0
BRF:4
BRH:0
end_of_record
TN:
SF:/Users/stinodes/projects/stinodes/nativesystem/src/Components/Theme/defaultTheme.js
FN:4,(anonymous_0)
FN:20,(anonymous_1)
FNF:2
FNH:2
FNDA:2,(anonymous_0)
FNDA:2,(anonymous_1)
DA:4,2
DA:20,1
DA:21,2
DA:22,2
DA:23,2
DA:24,2
DA:25,2
LF:7
LH:7
BRF:0
BRH:0
end_of_record
TN:
SF:/Users/stinodes/projects/stinodes/nativesystem/src/Components/Theme/theme.js
FN:25,(anonymous_0)
FN:28,(anonymous_1)
FN:29,(anonymous_2)
FN:33,(anonymous_3)
FN:38,(anonymous_4)
FN:41,(anonymous_5)
FN:45,(anonymous_6)
FN:49,(anonymous_7)
FN:57,(anonymous_8)
FN:64,(anonymous_9)
FN:74,(anonymous_10)
FN:77,(anonymous_11)
FN:81,(anonymous_12)
FN:85,(anonymous_13)
FN:89,(anonymous_14)
FN:94,(anonymous_15)
FN:102,(anonymous_16)
FNF:17
FNH:9
FNDA:0,(anonymous_0)
FNDA:36,(anonymous_1)
FNDA:5,(anonymous_2)
FNDA:0,(anonymous_3)
FNDA:0,(anonymous_4)
FNDA:0,(anonymous_5)
FNDA:0,(anonymous_6)
FNDA:0,(anonymous_7)
FNDA:9,(anonymous_8)
FNDA:9,(anonymous_9)
FNDA:6,(anonymous_10)
FNDA:1,(anonymous_11)
FNDA:0,(anonymous_12)
FNDA:2,(anonymous_13)
FNDA:1,(anonymous_14)
FNDA:1,(anonymous_15)
FNDA:0,(anonymous_16)
DA:25,1
DA:26,0
DA:28,1
DA:29,36
DA:30,5
DA:31,5
DA:33,1
DA:34,0
DA:37,0
DA:38,0
DA:39,0
DA:41,0
DA:43,0
DA:45,0
DA:47,0
DA:50,0
DA:51,0
DA:52,0
DA:55,0
DA:57,1
DA:59,9
DA:64,1
DA:65,9
DA:66,3
DA:68,6
DA:73,6
DA:74,6
DA:75,6
DA:77,1
DA:79,6
DA:81,0
DA:83,6
DA:85,2
DA:87,6
DA:90,1
DA:92,6
DA:95,1
DA:96,1
DA:97,1
DA:100,6
DA:102,0
DA:104,6
LF:42
LH:27
BRDA:33,0,0,0
BRDA:59,1,0,9
BRDA:59,1,1,7
BRDA:59,1,2,6
BRDA:59,1,3,2
BRDA:59,1,4,6
BRDA:59,1,5,1
BRDA:64,2,0,3
BRDA:65,3,0,3
BRDA:65,3,1,6
BRF:10
BRH:9
end_of_record
TN:
SF:/Users/stinodes/projects/stinodes/nativesystem/src/Components/Theme/utils.js
FN:6,(anonymous_0)
FN:8,(anonymous_1)
FN:9,(anonymous_2)
FN:19,(anonymous_3)
FN:22,(anonymous_4)
FN:28,(anonymous_5)
FN:42,(anonymous_6)
FN:49,(anonymous_7)
FN:52,(anonymous_8)
FN:57,(anonymous_9)
FN:60,(anonymous_10)
FNF:11
FNH:0
FNDA:0,(anonymous_0)
FNDA:0,(anonymous_1)
FNDA:0,(anonymous_2)
FNDA:0,(anonymous_3)
FNDA:0,(anonymous_4)
FNDA:0,(anonymous_5)
FNDA:0,(anonymous_6)
FNDA:0,(anonymous_7)
FNDA:0,(anonymous_8)
FNDA:0,(anonymous_9)
FNDA:0,(anonymous_10)
DA:6,1
DA:8,1
DA:9,1
DA:10,0
DA:19,1
DA:20,0
DA:22,1
DA:23,0
DA:28,1
DA:29,0
DA:30,0
DA:33,0
DA:42,1
DA:43,0
DA:44,0
DA:45,0
DA:46,0
DA:47,0
DA:49,1
DA:50,0
DA:52,1
DA:53,0
DA:57,1
DA:58,0
DA:59,0
DA:61,0
DA:62,0
DA:63,0
DA:64,0
DA:65,0
DA:66,0
DA:67,0
LF:32
LH:10
BRDA:9,0,0,0
BRDA:10,1,0,0
BRDA:10,1,1,0
BRDA:19,2,0,0
BRDA:19,3,0,0
BRDA:29,4,0,0
BRDA:29,4,1,0
BRDA:43,5,0,0
BRDA:43,5,1,0
BRDA:45,6,0,0
BRDA:45,6,1,0
BRDA:50,7,0,0
BRDA:50,7,1,0
BRDA:50,7,2,0
BRDA:50,7,3,0
BRDA:50,7,4,0
BRDA:53,8,0,0
BRDA:53,8,1,0
BRDA:54,9,0,0
BRDA:54,9,1,0
BRDA:54,10,0,0
BRDA:54,10,1,0
BRDA:61,11,0,0
BRDA:61,11,1,0
BRDA:61,12,0,0
BRDA:61,12,1,0
BRDA:63,13,0,0
BRDA:63,13,1,0
BRDA:63,14,0,0
BRDA:63,14,1,0
BRDA:65,15,0,0
BRDA:65,15,1,0
BRDA:65,16,0,0
BRDA:65,16,1,0
BRDA:67,17,0,0
BRDA:67,17,1,0
BRF:36
BRH:0
end_of_record
